<?xml version="1.0" encoding="UTF-8"?>
<testsuite xmlns:xsi="http://www.w3.org/2001/XMLSchema-instance" xsi:noNamespaceSchemaLocation="https://maven.apache.org/surefire/maven-surefire-plugin/xsd/surefire-test-report.xsd" name="com.pheonix.shop.AppTest" time="0.004" tests="1" errors="0" skipped="0" failures="0">
  <properties>
    <property name="sun.desktop" value="windows"/>
    <property name="awt.toolkit" value="sun.awt.windows.WToolkit"/>
    <property name="file.encoding.pkg" value="sun.io"/>
    <property name="java.specification.version" value="1.8"/>
    <property name="sun.cpu.isalist" value="amd64"/>
    <property name="sun.jnu.encoding" value="Cp1252"/>
    <property name="java.class.path" value="D:\Yashika\maven\PheonixShoppe\target\test-classes;D:\Yashika\maven\PheonixShoppe\target\classes;C:\Users\TRG\.m2\repository\junit\junit\3.8.1\junit-3.8.1.jar;C:\Users\TRG\.m2\repository\mysql\mysql-connector-java\8.0.16\mysql-connector-java-8.0.16.jar;C:\Users\TRG\.m2\repository\com\google\protobuf\protobuf-java\3.6.1\protobuf-java-3.6.1.jar;C:\Users\TRG\.m2\repository\org\hibernate\hibernate-core\5.4.3.Final\hibernate-core-5.4.3.Final.jar;C:\Users\TRG\.m2\repository\org\jboss\logging\jboss-logging\3.3.2.Final\jboss-logging-3.3.2.Final.jar;C:\Users\TRG\.m2\repository\javax\persistence\javax.persistence-api\2.2\javax.persistence-api-2.2.jar;C:\Users\TRG\.m2\repository\org\javassist\javassist\3.24.0-GA\javassist-3.24.0-GA.jar;C:\Users\TRG\.m2\repository\net\bytebuddy\byte-buddy\1.9.10\byte-buddy-1.9.10.jar;C:\Users\TRG\.m2\repository\antlr\antlr\2.7.7\antlr-2.7.7.jar;C:\Users\TRG\.m2\repository\org\jboss\spec\javax\transaction\jboss-transaction-api_1.2_spec\1.1.1.Final\jboss-transaction-api_1.2_spec-1.1.1.Final.jar;C:\Users\TRG\.m2\repository\org\jboss\jandex\2.0.5.Final\jandex-2.0.5.Final.jar;C:\Users\TRG\.m2\repository\com\fasterxml\classmate\1.3.4\classmate-1.3.4.jar;C:\Users\TRG\.m2\repository\javax\activation\javax.activation-api\1.2.0\javax.activation-api-1.2.0.jar;C:\Users\TRG\.m2\repository\org\dom4j\dom4j\2.1.1\dom4j-2.1.1.jar;C:\Users\TRG\.m2\repository\org\hibernate\common\hibernate-commons-annotations\5.1.0.Final\hibernate-commons-annotations-5.1.0.Final.jar;C:\Users\TRG\.m2\repository\javax\xml\bind\jaxb-api\2.3.1\jaxb-api-2.3.1.jar;C:\Users\TRG\.m2\repository\org\glassfish\jaxb\jaxb-runtime\2.3.1\jaxb-runtime-2.3.1.jar;C:\Users\TRG\.m2\repository\org\glassfish\jaxb\txw2\2.3.1\txw2-2.3.1.jar;C:\Users\TRG\.m2\repository\com\sun\istack\istack-commons-runtime\3.0.7\istack-commons-runtime-3.0.7.jar;C:\Users\TRG\.m2\repository\org\jvnet\staxex\stax-ex\1.8\stax-ex-1.8.jar;C:\Users\TRG\.m2\repository\com\sun\xml\fastinfoset\FastInfoset\1.2.15\FastInfoset-1.2.15.jar;C:\Users\TRG\.m2\repository\org\apache\maven\doxia\doxia-core\1.9\doxia-core-1.9.jar;C:\Users\TRG\.m2\repository\org\apache\maven\doxia\doxia-sink-api\1.9\doxia-sink-api-1.9.jar;C:\Users\TRG\.m2\repository\org\apache\maven\doxia\doxia-logging-api\1.9\doxia-logging-api-1.9.jar;C:\Users\TRG\.m2\repository\org\codehaus\plexus\plexus-utils\3.1.0\plexus-utils-3.1.0.jar;C:\Users\TRG\.m2\repository\org\codehaus\plexus\plexus-container-default\1.7.1\plexus-container-default-1.7.1.jar;C:\Users\TRG\.m2\repository\org\codehaus\plexus\plexus-classworlds\2.5.1\plexus-classworlds-2.5.1.jar;C:\Users\TRG\.m2\repository\org\apache\xbean\xbean-reflect\3.7\xbean-reflect-3.7.jar;C:\Users\TRG\.m2\repository\com\google\collections\google-collections\1.0\google-collections-1.0.jar;C:\Users\TRG\.m2\repository\org\codehaus\plexus\plexus-component-annotations\1.7.1\plexus-component-annotations-1.7.1.jar;C:\Users\TRG\.m2\repository\org\apache\commons\commons-lang3\3.5\commons-lang3-3.5.jar;C:\Users\TRG\.m2\repository\org\apache\httpcomponents\httpclient\4.5.8\httpclient-4.5.8.jar;C:\Users\TRG\.m2\repository\commons-logging\commons-logging\1.2\commons-logging-1.2.jar;C:\Users\TRG\.m2\repository\commons-codec\commons-codec\1.11\commons-codec-1.11.jar;C:\Users\TRG\.m2\repository\org\apache\httpcomponents\httpcore\4.4.11\httpcore-4.4.11.jar;"/>
    <property name="java.vm.vendor" value="Oracle Corporation"/>
    <property name="sun.arch.data.model" value="64"/>
    <property name="user.variant" value=""/>
    <property name="java.vendor.url" value="http://java.oracle.com/"/>
    <property name="user.timezone" value="Asia/Calcutta"/>
    <property name="java.vm.specification.version" value="1.8"/>
    <property name="os.name" value="Windows 10"/>
    <property name="user.country" value="IN"/>
    <property name="sun.java.launcher" value="SUN_STANDARD"/>
    <property name="sun.boot.library.path" value="C:\Program Files\Java\jdk1.8.0_111\jre\bin"/>
    <property name="sun.java.command" value="C:\Users\TRG\AppData\Local\Temp\surefire471277040693968051\surefirebooter5870433484813407661.jar C:\Users\TRG\AppData\Local\Temp\surefire471277040693968051 2019-07-23T15-58-52_490-jvmRun1 surefire7623730353347688804tmp surefire_08358528102594212087tmp"/>
    <property name="surefire.test.class.path" value="D:\Yashika\maven\PheonixShoppe\target\test-classes;D:\Yashika\maven\PheonixShoppe\target\classes;C:\Users\TRG\.m2\repository\junit\junit\3.8.1\junit-3.8.1.jar;C:\Users\TRG\.m2\repository\mysql\mysql-connector-java\8.0.16\mysql-connector-java-8.0.16.jar;C:\Users\TRG\.m2\repository\com\google\protobuf\protobuf-java\3.6.1\protobuf-java-3.6.1.jar;C:\Users\TRG\.m2\repository\org\hibernate\hibernate-core\5.4.3.Final\hibernate-core-5.4.3.Final.jar;C:\Users\TRG\.m2\repository\org\jboss\logging\jboss-logging\3.3.2.Final\jboss-logging-3.3.2.Final.jar;C:\Users\TRG\.m2\repository\javax\persistence\javax.persistence-api\2.2\javax.persistence-api-2.2.jar;C:\Users\TRG\.m2\repository\org\javassist\javassist\3.24.0-GA\javassist-3.24.0-GA.jar;C:\Users\TRG\.m2\repository\net\bytebuddy\byte-buddy\1.9.10\byte-buddy-1.9.10.jar;C:\Users\TRG\.m2\repository\antlr\antlr\2.7.7\antlr-2.7.7.jar;C:\Users\TRG\.m2\repository\org\jboss\spec\javax\transaction\jboss-transaction-api_1.2_spec\1.1.1.Final\jboss-transaction-api_1.2_spec-1.1.1.Final.jar;C:\Users\TRG\.m2\repository\org\jboss\jandex\2.0.5.Final\jandex-2.0.5.Final.jar;C:\Users\TRG\.m2\repository\com\fasterxml\classmate\1.3.4\classmate-1.3.4.jar;C:\Users\TRG\.m2\repository\javax\activation\javax.activation-api\1.2.0\javax.activation-api-1.2.0.jar;C:\Users\TRG\.m2\repository\org\dom4j\dom4j\2.1.1\dom4j-2.1.1.jar;C:\Users\TRG\.m2\repository\org\hibernate\common\hibernate-commons-annotations\5.1.0.Final\hibernate-commons-annotations-5.1.0.Final.jar;C:\Users\TRG\.m2\repository\javax\xml\bind\jaxb-api\2.3.1\jaxb-api-2.3.1.jar;C:\Users\TRG\.m2\repository\org\glassfish\jaxb\jaxb-runtime\2.3.1\jaxb-runtime-2.3.1.jar;C:\Users\TRG\.m2\repository\org\glassfish\jaxb\txw2\2.3.1\txw2-2.3.1.jar;C:\Users\TRG\.m2\repository\com\sun\istack\istack-commons-runtime\3.0.7\istack-commons-runtime-3.0.7.jar;C:\Users\TRG\.m2\repository\org\jvnet\staxex\stax-ex\1.8\stax-ex-1.8.jar;C:\Users\TRG\.m2\repository\com\sun\xml\fastinfoset\FastInfoset\1.2.15\FastInfoset-1.2.15.jar;C:\Users\TRG\.m2\repository\org\apache\maven\doxia\doxia-core\1.9\doxia-core-1.9.jar;C:\Users\TRG\.m2\repository\org\apache\maven\doxia\doxia-sink-api\1.9\doxia-sink-api-1.9.jar;C:\Users\TRG\.m2\repository\org\apache\maven\doxia\doxia-logging-api\1.9\doxia-logging-api-1.9.jar;C:\Users\TRG\.m2\repository\org\codehaus\plexus\plexus-utils\3.1.0\plexus-utils-3.1.0.jar;C:\Users\TRG\.m2\repository\org\codehaus\plexus\plexus-container-default\1.7.1\plexus-container-default-1.7.1.jar;C:\Users\TRG\.m2\repository\org\codehaus\plexus\plexus-classworlds\2.5.1\plexus-classworlds-2.5.1.jar;C:\Users\TRG\.m2\repository\org\apache\xbean\xbean-reflect\3.7\xbean-reflect-3.7.jar;C:\Users\TRG\.m2\repository\com\google\collections\google-collections\1.0\google-collections-1.0.jar;C:\Users\TRG\.m2\repository\org\codehaus\plexus\plexus-component-annotations\1.7.1\plexus-component-annotations-1.7.1.jar;C:\Users\TRG\.m2\repository\org\apache\commons\commons-lang3\3.5\commons-lang3-3.5.jar;C:\Users\TRG\.m2\repository\org\apache\httpcomponents\httpclient\4.5.8\httpclient-4.5.8.jar;C:\Users\TRG\.m2\repository\commons-logging\commons-logging\1.2\commons-logging-1.2.jar;C:\Users\TRG\.m2\repository\commons-codec\commons-codec\1.11\commons-codec-1.11.jar;C:\Users\TRG\.m2\repository\org\apache\httpcomponents\httpcore\4.4.11\httpcore-4.4.11.jar;"/>
    <property name="sun.cpu.endian" value="little"/>
    <property name="user.home" value="C:\Users\TRG"/>
    <property name="user.language" value="en"/>
    <property name="java.specification.vendor" value="Oracle Corporation"/>
    <property name="java.home" value="C:\Program Files\Java\jdk1.8.0_111\jre"/>
    <property name="basedir" value="D:\Yashika\maven\PheonixShoppe"/>
    <property name="file.separator" value="\"/>
    <property name="line.separator" value="&#10;"/>
    <property name="java.vm.specification.vendor" value="Oracle Corporation"/>
    <property name="java.specification.name" value="Java Platform API Specification"/>
    <property name="java.awt.graphicsenv" value="sun.awt.Win32GraphicsEnvironment"/>
    <property name="surefire.real.class.path" value="C:\Users\TRG\AppData\Local\Temp\surefire471277040693968051\surefirebooter5870433484813407661.jar"/>
    <property name="sun.boot.class.path" value="C:\Program Files\Java\jdk1.8.0_111\jre\lib\resources.jar;C:\Program Files\Java\jdk1.8.0_111\jre\lib\rt.jar;C:\Program Files\Java\jdk1.8.0_111\jre\lib\sunrsasign.jar;C:\Program Files\Java\jdk1.8.0_111\jre\lib\jsse.jar;C:\Program Files\Java\jdk1.8.0_111\jre\lib\jce.jar;C:\Program Files\Java\jdk1.8.0_111\jre\lib\charsets.jar;C:\Program Files\Java\jdk1.8.0_111\jre\lib\jfr.jar;C:\Program Files\Java\jdk1.8.0_111\jre\classes"/>
    <property name="user.script" value=""/>
    <property name="sun.management.compiler" value="HotSpot 64-Bit Tiered Compilers"/>
    <property name="java.runtime.version" value="1.8.0_111-b14"/>
    <property name="user.name" value="TRG"/>
    <property name="path.separator" value=";"/>
    <property name="os.version" value="10.0"/>
    <property name="java.endorsed.dirs" value="C:\Program Files\Java\jdk1.8.0_111\jre\lib\endorsed"/>
    <property name="java.runtime.name" value="Java(TM) SE Runtime Environment"/>
    <property name="file.encoding" value="Cp1252"/>
    <property name="java.vm.name" value="Java HotSpot(TM) 64-Bit Server VM"/>
    <property name="localRepository" value="C:\Users\TRG\.m2\repository"/>
    <property name="java.vendor.url.bug" value="http://bugreport.sun.com/bugreport/"/>
    <property name="java.io.tmpdir" value="C:\Users\TRG\AppData\Local\Temp\"/>
    <property name="java.version" value="1.8.0_111"/>
    <property name="user.dir" value="D:\Yashika\maven\PheonixShoppe"/>
    <property name="os.arch" value="amd64"/>
    <property name="java.vm.specification.name" value="Java Virtual Machine Specification"/>
    <property name="java.awt.printerjob" value="sun.awt.windows.WPrinterJob"/>
    <property name="sun.os.patch.level" value=""/>
    <property name="java.library.path" value="C:\Program Files\Java\jdk1.8.0_111\jre\bin;C:\Windows\Sun\Java\bin;C:\Windows\system32;C:\Windows;C:\Program Files\Java\jdk1.8.0_111\bin;C:\Program Files (x86)\Python37-32\Scripts\;C:\Program Files (x86)\Python37-32\;C:\ProgramData\Oracle\Java\javapath;D:\oracleXE\app\oracle\product\10.2.0\server\bin;C:\orant\bin;D:\oracle\product\10.2.0\db_1\bin;C:\Windows\system32;C:\Windows;C:\Windows\System32\Wbem;C:\Windows\System32\WindowsPowerShell\v1.0\;C:\Program Files\PuTTY\;C:\orant\jdk\bin;C:\Program Files\Java\jdk1.8.0_111\bin;C:\Program Files\nodejs\;C:\Program Files\Microsoft SQL Server\110\DTS\Binn\;C:\Program Files (x86)\Microsoft SQL Server\110\Tools\Binn\ManagementStudio\;C:\Program Files (x86)\Microsoft SQL Server\110\Tools\Binn\;C:\Program Files\Microsoft SQL Server\110\Tools\Binn\;C:\Program Files (x86)\Microsoft Visual Studio 10.0\Common7\IDE\PrivateAssemblies\;C:\Program Files (x86)\Microsoft SQL Server\110\DTS\Binn\;C:\Program Files (x86)\Microsoft SQL Server\Client SDK\ODBC\130\Tools\Binn\;C:\Program Files (x86)\Microsoft SQL Server\140\Tools\Binn\;C:\Program Files (x86)\Microsoft SQL Server\140\DTS\Binn\;C:\Program Files (x86)\Microsoft SQL Server\140\Tools\Binn\ManagementStudio\;C:\Program Files\dotnet\;C:\Program Files\Microsoft SQL Server\130\Tools\Binn\;C:\Program Files (x86)\Brackets\command;C:\Program Files\Git\cmd;C:\maven\apache-maven-3.6.1\bin;C:\Users\TRG\AppData\Local\Microsoft\WindowsApps;;C:\Program Files (x86)\Microsoft VS Code\bin;C:\Users\TRG\AppData\Roaming\npm;C:\Users\TRG\.dotnet\tools;."/>
    <property name="java.vm.info" value="mixed mode"/>
    <property name="java.vendor" value="Oracle Corporation"/>
    <property name="java.vm.version" value="25.111-b14"/>
    <property name="java.ext.dirs" value="C:\Program Files\Java\jdk1.8.0_111\jre\lib\ext;C:\Windows\Sun\Java\lib\ext"/>
    <property name="sun.io.unicode.encoding" value="UnicodeLittle"/>
    <property name="java.class.version" value="52.0"/>
  </properties>
  <testcase name="testApp" classname="com.pheonix.shop.AppTest" time="0"/>
</testsuite>